<?xml version="1.0" encoding="UTF-8"?>
<!-- Generated by org.testng.reporters.JUnitXMLReporter -->
<testsuite ignored="2" hostname="CKV-Laptop" failures="1" tests="2" name="Smoke Test" time="12.475" errors="0" timestamp="2023-08-16T12:14:08 IST">
  <testcase classname="Client_Module.FindClientStatusUsingNomineesLinkTest" name="findClientStatusUsingNomineesTest" time="5.633"/>
  <testcase classname="Client_Module.AddNewClientTest" name="AddNewClientFunctionTest" time="0.397">
    <failure type="java.lang.AssertionError" message="null">
      <![CDATA[java.lang.AssertionError: null
at Client_Module.AddNewClientTest.AddNewClientFunctionTest(AddNewClientTest.java:97)
at java.base/java.util.ArrayList.forEach(ArrayList.java:1511)
at java.base/java.util.concurrent.FutureTask.run(FutureTask.java:264)
at java.base/java.util.concurrent.ThreadPoolExecutor.runWorker(ThreadPoolExecutor.java:1136)
at java.base/java.util.concurrent.ThreadPoolExecutor$Worker.run(ThreadPoolExecutor.java:635)
at java.base/java.lang.Thread.run(Thread.java:833)
... Removed 20 stack frames]]>
    </failure>
  </testcase> <!-- AddNewClientFunctionTest -->
  <testcase classname="com.HOPESTAR.GenericUtility.BaseClass" name="@AfterSuite config_AS" time="0.0">
    <ignored/>
  </testcase> <!-- @AfterSuite config_AS -->
  <testcase classname="com.HOPESTAR.GenericUtility.BaseClass" name="@BeforeSuite config_BS" time="0.0">
    <ignored/>
  </testcase> <!-- @BeforeSuite config_BS -->
</testsuite> <!-- Smoke Test -->
