<?xml version="1.0" encoding="UTF-8"?>
<!-- Generated by org.testng.reporters.JUnitXMLReporter -->
<testsuite ignored="2" hostname="CKV-Laptop" failures="0" tests="2" name="Test1" time="4.466" errors="0" timestamp="2023-08-08T12:40:50 IST">
  <testcase classname="practice.ParallelExecution3" name="PaymentDelete" time="0.006"/>
  <testcase classname="practice.ParallelExecution4" name="nomineeDelete" time="0.001"/>
  <testcase classname="com.HOPESTAR.GenericUtility.BaseClass" name="@AfterSuite config_AS" time="0.0">
    <ignored/>
  </testcase> <!-- @AfterSuite config_AS -->
  <testcase classname="com.HOPESTAR.GenericUtility.BaseClass" name="@BeforeSuite config_BS" time="0.0">
    <ignored/>
  </testcase> <!-- @BeforeSuite config_BS -->
</testsuite> <!-- Test1 -->
